<?xml version="1.0" encoding="UTF-8"?>
<testsuite name="Testes do Serviço de Formulario de Contato" tests="0" skipped="0" failures="0" errors="0" timestamp="1970-01-01T00:00:00" hostname="MTZNOTFS055610" time="0.0">
  <properties/>
  <system-out><![CDATA[22:42:07.769 [Test worker] DEBUG org.springframework.test.context.BootstrapUtils - Instantiating CacheAwareContextLoaderDelegate from class [org.springframework.test.context.cache.DefaultCacheAwareContextLoaderDelegate]
22:42:07.797 [Test worker] DEBUG org.springframework.test.context.BootstrapUtils - Instantiating BootstrapContext using constructor [public org.springframework.test.context.support.DefaultBootstrapContext(java.lang.Class,org.springframework.test.context.CacheAwareContextLoaderDelegate)]
22:42:07.900 [Test worker] DEBUG org.springframework.test.context.BootstrapUtils - Instantiating TestContextBootstrapper for test class [net.MatheusMedeiros.calculator.service.ContactFormularyServiceUnitTests] from class [org.springframework.boot.test.context.SpringBootTestContextBootstrapper]
22:42:07.923 [Test worker] INFO org.springframework.boot.test.context.SpringBootTestContextBootstrapper - Neither @ContextConfiguration nor @ContextHierarchy found for test class [net.MatheusMedeiros.calculator.service.ContactFormularyServiceUnitTests], using SpringBootContextLoader
22:42:07.935 [Test worker] DEBUG org.springframework.test.context.support.AbstractContextLoader - Did not detect default resource location for test class [net.MatheusMedeiros.calculator.service.ContactFormularyServiceUnitTests]: class path resource [net/MatheusMedeiros/calculator/service/ContactFormularyServiceUnitTests-context.xml] does not exist
22:42:07.936 [Test worker] DEBUG org.springframework.test.context.support.AbstractContextLoader - Did not detect default resource location for test class [net.MatheusMedeiros.calculator.service.ContactFormularyServiceUnitTests]: class path resource [net/MatheusMedeiros/calculator/service/ContactFormularyServiceUnitTestsContext.groovy] does not exist
22:42:07.936 [Test worker] INFO org.springframework.test.context.support.AbstractContextLoader - Could not detect default resource locations for test class [net.MatheusMedeiros.calculator.service.ContactFormularyServiceUnitTests]: no resource found for suffixes {-context.xml, Context.groovy}.
22:42:07.938 [Test worker] DEBUG org.springframework.test.context.support.AnnotationConfigContextLoaderUtils - Ignoring class [net.MatheusMedeiros.calculator.service.ContactFormularyServiceUnitTests$FailMessage]; it must be static, non-private, non-final, and annotated with @Configuration to be considered a default configuration class.
22:42:07.938 [Test worker] DEBUG org.springframework.test.context.support.AnnotationConfigContextLoaderUtils - Ignoring class [net.MatheusMedeiros.calculator.service.ContactFormularyServiceUnitTests$SuccessMessage]; it must be static, non-private, non-final, and annotated with @Configuration to be considered a default configuration class.
22:42:07.938 [Test worker] INFO org.springframework.test.context.support.AnnotationConfigContextLoaderUtils - Could not detect default configuration classes for test class [net.MatheusMedeiros.calculator.service.ContactFormularyServiceUnitTests]: ContactFormularyServiceUnitTests does not declare any static, non-private, non-final, nested classes annotated with @Configuration.
22:42:08.029 [Test worker] DEBUG org.springframework.test.context.support.ActiveProfilesUtils - Could not find an 'annotation declaring class' for annotation type [org.springframework.test.context.ActiveProfiles] and class [net.MatheusMedeiros.calculator.service.ContactFormularyServiceUnitTests]
22:42:08.195 [Test worker] DEBUG org.springframework.context.annotation.ClassPathScanningCandidateComponentProvider - Identified candidate component class: file [C:\Users\matheus.medeiros\Documents\WorkSpace\Java\calculator\build\classes\java\main\net\MatheusMedeiros\calculator\CalculatorApplication.class]
22:42:08.197 [Test worker] INFO org.springframework.boot.test.context.SpringBootTestContextBootstrapper - Found @SpringBootConfiguration net.MatheusMedeiros.calculator.CalculatorApplication for test class net.MatheusMedeiros.calculator.service.ContactFormularyServiceUnitTests
22:42:08.406 [Test worker] DEBUG org.springframework.boot.test.context.SpringBootTestContextBootstrapper - @TestExecutionListeners is not present for class [net.MatheusMedeiros.calculator.service.ContactFormularyServiceUnitTests]: using defaults.
22:42:08.407 [Test worker] INFO org.springframework.boot.test.context.SpringBootTestContextBootstrapper - Loaded default TestExecutionListener class names from location [META-INF/spring.factories]: [org.springframework.boot.test.autoconfigure.restdocs.RestDocsTestExecutionListener, org.springframework.boot.test.autoconfigure.web.client.MockRestServiceServerResetTestExecutionListener, org.springframework.boot.test.autoconfigure.web.servlet.MockMvcPrintOnlyOnFailureTestExecutionListener, org.springframework.boot.test.autoconfigure.web.servlet.WebDriverTestExecutionListener, org.springframework.boot.test.autoconfigure.webservices.client.MockWebServiceServerTestExecutionListener, org.springframework.boot.test.mock.mockito.MockitoTestExecutionListener, org.springframework.boot.test.mock.mockito.ResetMocksTestExecutionListener, org.springframework.test.context.web.ServletTestExecutionListener, org.springframework.test.context.support.DirtiesContextBeforeModesTestExecutionListener, org.springframework.test.context.event.ApplicationEventsTestExecutionListener, org.springframework.test.context.support.DependencyInjectionTestExecutionListener, org.springframework.test.context.support.DirtiesContextTestExecutionListener, org.springframework.test.context.transaction.TransactionalTestExecutionListener, org.springframework.test.context.jdbc.SqlScriptsTestExecutionListener, org.springframework.test.context.event.EventPublishingTestExecutionListener]
22:42:08.450 [Test worker] INFO org.springframework.boot.test.context.SpringBootTestContextBootstrapper - Using TestExecutionListeners: [org.springframework.test.context.web.ServletTestExecutionListener@61d9efe0, org.springframework.test.context.support.DirtiesContextBeforeModesTestExecutionListener@7e70bd39, org.springframework.test.context.event.ApplicationEventsTestExecutionListener@e6516e, org.springframework.boot.test.mock.mockito.MockitoTestExecutionListener@6de54b40, org.springframework.boot.test.autoconfigure.SpringBootDependencyInjectionTestExecutionListener@43ed0ff3, org.springframework.test.context.support.DirtiesContextTestExecutionListener@388ffbc2, org.springframework.test.context.transaction.TransactionalTestExecutionListener@a50b09c, org.springframework.test.context.jdbc.SqlScriptsTestExecutionListener@4da855dd, org.springframework.test.context.event.EventPublishingTestExecutionListener@6691490c, org.springframework.boot.test.autoconfigure.restdocs.RestDocsTestExecutionListener@2187fff7, org.springframework.boot.test.autoconfigure.web.client.MockRestServiceServerResetTestExecutionListener@2e5c7f0b, org.springframework.boot.test.autoconfigure.web.servlet.MockMvcPrintOnlyOnFailureTestExecutionListener@21d5c1a0, org.springframework.boot.test.autoconfigure.web.servlet.WebDriverTestExecutionListener@4de025bf, org.springframework.boot.test.autoconfigure.webservices.client.MockWebServiceServerTestExecutionListener@538613b3, org.springframework.boot.test.mock.mockito.ResetMocksTestExecutionListener@1eef9aef]
22:42:08.456 [Test worker] DEBUG org.springframework.test.context.support.AbstractDirtiesContextTestExecutionListener - Before test class: context [DefaultTestContext@5398edd0 testClass = ContactFormularyServiceUnitTests, testInstance = [null], testMethod = [null], testException = [null], mergedContextConfiguration = [WebMergedContextConfiguration@b5cc23a testClass = ContactFormularyServiceUnitTests, locations = '{}', classes = '{class net.MatheusMedeiros.calculator.CalculatorApplication}', contextInitializerClasses = '[]', activeProfiles = '{}', propertySourceLocations = '{}', propertySourceProperties = '{org.springframework.boot.test.context.SpringBootTestContextBootstrapper=true}', contextCustomizers = set[org.springframework.boot.test.autoconfigure.actuate.metrics.MetricsExportContextCustomizerFactory$DisableMetricExportContextCustomizer@112f364d, org.springframework.boot.test.autoconfigure.properties.PropertyMappingContextCustomizer@0, org.springframework.boot.test.autoconfigure.web.servlet.WebDriverContextCustomizerFactory$Customizer@2c5529ab, org.springframework.boot.test.context.filter.ExcludeFilterContextCustomizer@51972dc7, org.springframework.boot.test.json.DuplicateJsonObjectContextCustomizerFactory$DuplicateJsonObjectContextCustomizer@1d470d0, org.springframework.boot.test.mock.mockito.MockitoContextCustomizer@0, org.springframework.boot.test.web.client.TestRestTemplateContextCustomizer@158a3b2e, org.springframework.boot.test.context.SpringBootTestArgs@1, org.springframework.boot.test.context.SpringBootTestWebEnvironment@1ed4ae0f], resourceBasePath = 'src/main/webapp', contextLoader = 'org.springframework.boot.test.context.SpringBootContextLoader', parent = [null]], attributes = map['org.springframework.test.context.web.ServletTestExecutionListener.activateListener' -> true]], class annotated with @DirtiesContext [false] with mode [null].
]]></system-out>
  <system-err><![CDATA[]]></system-err>
</testsuite>
